0 info it worked if it ends with ok
1 verbose cli [ '/usr/bin/nodejs', '/usr/bin/npm', 'run-script', 'test' ]
2 info using npm@3.3.12
3 info using node@v5.5.0
4 verbose run-script [ 'pretest', 'test', 'posttest' ]
5 info lifecycle todo_flux@1.0.0~pretest: todo_flux@1.0.0
6 silly lifecycle todo_flux@1.0.0~pretest: no script for pretest, continuing
7 info lifecycle todo_flux@1.0.0~test: todo_flux@1.0.0
8 verbose lifecycle todo_flux@1.0.0~test: unsafe-perm in lifecycle true
9 verbose lifecycle todo_flux@1.0.0~test: PATH: /usr/lib/node_modules/npm/bin/node-gyp-bin:/home/giovanni/Documents/Sources/NodeJS/LearningFlux/TodoFlux/node_modules/.bin:/home/giovanni/.dropbox-bin:/usr/local/sbin:/usr/local/bin:/usr/sbin:/usr/bin:/sbin:/bin:/usr/games:/usr/local/games:/usr/local/java/jdk1.8.0_66/bin:/usr/local/java/jdk1.8.0_66/jre/bin
10 verbose lifecycle todo_flux@1.0.0~test: CWD: /home/giovanni/Documents/Sources/NodeJS/LearningFlux/TodoFlux
11 silly lifecycle todo_flux@1.0.0~test: Args: [ '-c', 'echo "Error: no test specified" && exit 1' ]
12 silly lifecycle todo_flux@1.0.0~test: Returned: code: 1  signal: null
13 info lifecycle todo_flux@1.0.0~test: Failed to exec test script
14 verbose stack Error: todo_flux@1.0.0 test: `echo "Error: no test specified" && exit 1`
14 verbose stack Exit status 1
14 verbose stack     at EventEmitter.<anonymous> (/usr/lib/node_modules/npm/lib/utils/lifecycle.js:232:16)
14 verbose stack     at emitTwo (events.js:100:13)
14 verbose stack     at EventEmitter.emit (events.js:185:7)
14 verbose stack     at ChildProcess.<anonymous> (/usr/lib/node_modules/npm/lib/utils/spawn.js:24:14)
14 verbose stack     at emitTwo (events.js:100:13)
14 verbose stack     at ChildProcess.emit (events.js:185:7)
14 verbose stack     at maybeClose (internal/child_process.js:821:16)
14 verbose stack     at Process.ChildProcess._handle.onexit (internal/child_process.js:211:5)
15 verbose pkgid todo_flux@1.0.0
16 verbose cwd /home/giovanni/Documents/Sources/NodeJS/LearningFlux/TodoFlux
17 error Linux 3.14.2-031402-generic
18 error argv "/usr/bin/nodejs" "/usr/bin/npm" "run-script" "test"
19 error node v5.5.0
20 error npm  v3.3.12
21 error code ELIFECYCLE
22 error todo_flux@1.0.0 test: `echo "Error: no test specified" && exit 1`
22 error Exit status 1
23 error Failed at the todo_flux@1.0.0 test script 'echo "Error: no test specified" && exit 1'.
23 error Make sure you have the latest version of node.js and npm installed.
23 error If you do, this is most likely a problem with the todo_flux package,
23 error not with npm itself.
23 error Tell the author that this fails on your system:
23 error     echo "Error: no test specified" && exit 1
23 error You can get their info via:
23 error     npm owner ls todo_flux
23 error There is likely additional logging output above.
24 verbose exit [ 1, true ]
